Performing C++ SOURCE FILE Test CMAKE_HAVE_LIBC_PTHREAD failed with the following output:
Change Dir: /home/wudi/learn_tensorrt/pointpillar_ros_version/build/lidar_detection/CMakeFiles/CMakeTmp

Run Build Command(s):/usr/bin/make cmTC_749d5/fast && /usr/bin/make -f CMakeFiles/cmTC_749d5.dir/build.make CMakeFiles/cmTC_749d5.dir/build
make[1]: 进入目录“/home/wudi/learn_tensorrt/pointpillar_ros_version/build/lidar_detection/CMakeFiles/CMakeTmp”
Building CXX object CMakeFiles/cmTC_749d5.dir/src.cxx.o
/usr/bin/c++    -DCMAKE_HAVE_LIBC_PTHREAD   -std=gnu++17 -o CMakeFiles/cmTC_749d5.dir/src.cxx.o -c /home/wudi/learn_tensorrt/pointpillar_ros_version/build/lidar_detection/CMakeFiles/CMakeTmp/src.cxx
Linking CXX executable cmTC_749d5
/usr/bin/cmake -E cmake_link_script CMakeFiles/cmTC_749d5.dir/link.txt --verbose=1
/usr/bin/c++   -DCMAKE_HAVE_LIBC_PTHREAD    CMakeFiles/cmTC_749d5.dir/src.cxx.o  -o cmTC_749d5 
/usr/bin/ld: CMakeFiles/cmTC_749d5.dir/src.cxx.o: in function `main':
src.cxx:(.text+0x46): undefined reference to `pthread_create'
/usr/bin/ld: src.cxx:(.text+0x52): undefined reference to `pthread_detach'
/usr/bin/ld: src.cxx:(.text+0x63): undefined reference to `pthread_join'
collect2: error: ld returned 1 exit status
make[1]: *** [CMakeFiles/cmTC_749d5.dir/build.make:87：cmTC_749d5] 错误 1
make[1]: 离开目录“/home/wudi/learn_tensorrt/pointpillar_ros_version/build/lidar_detection/CMakeFiles/CMakeTmp”
make: *** [Makefile:121：cmTC_749d5/fast] 错误 2


Source file was:
#include <pthread.h>

void* test_func(void* data)
{
  return data;
}

int main(void)
{
  pthread_t thread;
  pthread_create(&thread, NULL, test_func, NULL);
  pthread_detach(thread);
  pthread_join(thread, NULL);
  pthread_atfork(NULL, NULL, NULL);
  pthread_exit(NULL);

  return 0;
}

Determining if the function pthread_create exists in the pthreads failed with the following output:
Change Dir: /home/wudi/learn_tensorrt/pointpillar_ros_version/build/lidar_detection/CMakeFiles/CMakeTmp

Run Build Command(s):/usr/bin/make cmTC_7eafa/fast && /usr/bin/make -f CMakeFiles/cmTC_7eafa.dir/build.make CMakeFiles/cmTC_7eafa.dir/build
make[1]: 进入目录“/home/wudi/learn_tensorrt/pointpillar_ros_version/build/lidar_detection/CMakeFiles/CMakeTmp”
Building CXX object CMakeFiles/cmTC_7eafa.dir/CheckFunctionExists.cxx.o
/usr/bin/c++    -DCHECK_FUNCTION_EXISTS=pthread_create   -std=gnu++17 -o CMakeFiles/cmTC_7eafa.dir/CheckFunctionExists.cxx.o -c /home/wudi/learn_tensorrt/pointpillar_ros_version/build/lidar_detection/CMakeFiles/CheckLibraryExists/CheckFunctionExists.cxx
Linking CXX executable cmTC_7eafa
/usr/bin/cmake -E cmake_link_script CMakeFiles/cmTC_7eafa.dir/link.txt --verbose=1
/usr/bin/c++   -DCHECK_FUNCTION_EXISTS=pthread_create    CMakeFiles/cmTC_7eafa.dir/CheckFunctionExists.cxx.o  -o cmTC_7eafa  -lpthreads 
/usr/bin/ld: 找不到 -lpthreads
collect2: error: ld returned 1 exit status
make[1]: *** [CMakeFiles/cmTC_7eafa.dir/build.make:87：cmTC_7eafa] 错误 1
make[1]: 离开目录“/home/wudi/learn_tensorrt/pointpillar_ros_version/build/lidar_detection/CMakeFiles/CMakeTmp”
make: *** [Makefile:121：cmTC_7eafa/fast] 错误 2



