[0.128s] DEBUG:colcon:Command line arguments: ['/usr/bin/colcon', 'build']
[0.129s] DEBUG:colcon:Parsed command line arguments: Namespace(allow_overriding=[], ament_cmake_args=None, base_paths=['.'], build_base='build', catkin_cmake_args=None, catkin_skip_building_tests=False, cmake_args=None, cmake_clean_cache=False, cmake_clean_first=False, cmake_force_configure=False, cmake_target=None, cmake_target_skip_unavailable=False, continue_on_error=False, event_handlers=None, executor='parallel', ignore_user_meta=False, install_base='install', log_base=None, log_level=None, main=<bound method BuildVerb.main of <colcon_core.verb.build.BuildVerb object at 0x7f24fa129100>>, merge_install=False, metas=['./colcon.meta'], packages_above=None, packages_above_and_dependencies=None, packages_above_depth=None, packages_end=None, packages_ignore=None, packages_ignore_regex=None, packages_select=None, packages_select_build_failed=False, packages_select_by_dep=None, packages_select_regex=None, packages_select_test_failures=False, packages_skip=None, packages_skip_build_finished=False, packages_skip_by_dep=None, packages_skip_regex=None, packages_skip_test_passed=False, packages_skip_up_to=None, packages_start=None, packages_up_to=None, packages_up_to_regex=None, parallel_workers=12, paths=None, symlink_install=False, test_result_base=None, verb_extension=<colcon_core.verb.build.BuildVerb object at 0x7f24fa129100>, verb_name='build', verb_parser=<colcon_defaults.argument_parser.defaults.DefaultArgumentsDecorator object at 0x7f24fa129550>)
[0.225s] Level 1:colcon.colcon_core.package_discovery:discover_packages(colcon_meta) check parameters
[0.225s] Level 1:colcon.colcon_core.package_discovery:discover_packages(recursive) check parameters
[0.225s] Level 1:colcon.colcon_core.package_discovery:discover_packages(ignore) check parameters
[0.225s] Level 1:colcon.colcon_core.package_discovery:discover_packages(path) check parameters
[0.225s] Level 1:colcon.colcon_core.package_discovery:discover_packages(colcon_meta) discover
[0.226s] Level 1:colcon.colcon_core.package_discovery:discover_packages(recursive) discover
[0.226s] INFO:colcon.colcon_core.package_discovery:Crawling recursively for packages in '/home/wudi/learn_tensorrt/pointpillar_ros_version'
[0.226s] Level 1:colcon.colcon_core.package_identification:_identify(.) by extensions ['ignore', 'ignore_ament_install']
[0.226s] Level 1:colcon.colcon_core.package_identification:_identify(.) by extension 'ignore'
[0.226s] Level 1:colcon.colcon_core.package_identification:_identify(.) by extension 'ignore_ament_install'
[0.226s] Level 1:colcon.colcon_core.package_identification:_identify(.) by extensions ['colcon_pkg']
[0.226s] Level 1:colcon.colcon_core.package_identification:_identify(.) by extension 'colcon_pkg'
[0.226s] Level 1:colcon.colcon_core.package_identification:_identify(.) by extensions ['colcon_meta']
[0.226s] Level 1:colcon.colcon_core.package_identification:_identify(.) by extension 'colcon_meta'
[0.226s] Level 1:colcon.colcon_core.package_identification:_identify(.) by extensions ['ros']
[0.226s] Level 1:colcon.colcon_core.package_identification:_identify(.) by extension 'ros'
[0.235s] DEBUG:colcon.colcon_core.package_identification:Package '.' with type 'ros.ament_cmake' and name 'lidar_detection'
[0.235s] Level 1:colcon.colcon_core.package_discovery:discover_packages(recursive) using defaults
[0.235s] Level 1:colcon.colcon_core.package_discovery:discover_packages(ignore) discover
[0.235s] Level 1:colcon.colcon_core.package_discovery:discover_packages(ignore) using defaults
[0.235s] Level 1:colcon.colcon_core.package_discovery:discover_packages(path) discover
[0.235s] Level 1:colcon.colcon_core.package_discovery:discover_packages(path) using defaults
[0.245s] Level 1:colcon.colcon_core.package_discovery:discover_packages(prefix_path) check parameters
[0.245s] Level 1:colcon.colcon_core.package_discovery:discover_packages(prefix_path) discover
[0.247s] DEBUG:colcon.colcon_installed_package_information.package_discovery:Found 1 installed packages in /home/wudi/learn_tensorrt/pointpillar_ros_version/install
[0.247s] DEBUG:colcon.colcon_installed_package_information.package_discovery:Found 257 installed packages in /opt/ros/foxy
[0.249s] Level 1:colcon.colcon_core.package_discovery:discover_packages(prefix_path) using defaults
[0.290s] Level 5:colcon.colcon_core.verb:set package 'lidar_detection' build argument 'cmake_args' from command line to 'None'
[0.290s] Level 5:colcon.colcon_core.verb:set package 'lidar_detection' build argument 'cmake_target' from command line to 'None'
[0.290s] Level 5:colcon.colcon_core.verb:set package 'lidar_detection' build argument 'cmake_target_skip_unavailable' from command line to 'False'
[0.290s] Level 5:colcon.colcon_core.verb:set package 'lidar_detection' build argument 'cmake_clean_cache' from command line to 'False'
[0.290s] Level 5:colcon.colcon_core.verb:set package 'lidar_detection' build argument 'cmake_clean_first' from command line to 'False'
[0.290s] Level 5:colcon.colcon_core.verb:set package 'lidar_detection' build argument 'cmake_force_configure' from command line to 'False'
[0.290s] Level 5:colcon.colcon_core.verb:set package 'lidar_detection' build argument 'ament_cmake_args' from command line to 'None'
[0.290s] Level 5:colcon.colcon_core.verb:set package 'lidar_detection' build argument 'catkin_cmake_args' from command line to 'None'
[0.290s] Level 5:colcon.colcon_core.verb:set package 'lidar_detection' build argument 'catkin_skip_building_tests' from command line to 'False'
[0.290s] DEBUG:colcon.colcon_core.verb:Building package 'lidar_detection' with the following arguments: {'ament_cmake_args': None, 'build_base': '/home/wudi/learn_tensorrt/pointpillar_ros_version/build/lidar_detection', 'catkin_cmake_args': None, 'catkin_skip_building_tests': False, 'cmake_args': None, 'cmake_clean_cache': False, 'cmake_clean_first': False, 'cmake_force_configure': False, 'cmake_target': None, 'cmake_target_skip_unavailable': False, 'install_base': '/home/wudi/learn_tensorrt/pointpillar_ros_version/install/lidar_detection', 'merge_install': False, 'path': '/home/wudi/learn_tensorrt/pointpillar_ros_version', 'symlink_install': False, 'test_result_base': None}
[0.290s] INFO:colcon.colcon_core.executor:Executing jobs using 'parallel' executor
[0.291s] DEBUG:colcon.colcon_parallel_executor.executor.parallel:run_until_complete
[0.291s] INFO:colcon.colcon_ros.task.ament_cmake.build:Building ROS package in '/home/wudi/learn_tensorrt/pointpillar_ros_version' with build type 'ament_cmake'
[0.291s] INFO:colcon.colcon_cmake.task.cmake.build:Building CMake package in '/home/wudi/learn_tensorrt/pointpillar_ros_version'
[0.293s] INFO:colcon.colcon_core.plugin_system:Skipping extension 'colcon_core.shell.bat': Not used on non-Windows systems
[0.293s] INFO:colcon.colcon_core.shell:Skip shell extension 'powershell' for command environment: Not usable outside of PowerShell
[0.293s] DEBUG:colcon.colcon_core.shell:Skip shell extension 'dsv' for command environment
[0.301s] DEBUG:colcon.colcon_core.event_handler.log_command:Invoking command in '/home/wudi/learn_tensorrt/pointpillar_ros_version/build/lidar_detection': CMAKE_PREFIX_PATH=${CMAKE_PREFIX_PATH}:/opt/ros/foxy /usr/bin/cmake --build /home/wudi/learn_tensorrt/pointpillar_ros_version/build/lidar_detection -- -j12 -l12
[4.297s] DEBUG:colcon.colcon_core.event_handler.log_command:Invoked command in '/home/wudi/learn_tensorrt/pointpillar_ros_version/build/lidar_detection' returned '0': CMAKE_PREFIX_PATH=${CMAKE_PREFIX_PATH}:/opt/ros/foxy /usr/bin/cmake --build /home/wudi/learn_tensorrt/pointpillar_ros_version/build/lidar_detection -- -j12 -l12
[4.304s] DEBUG:colcon.colcon_core.event_handler.log_command:Invoking command in '/home/wudi/learn_tensorrt/pointpillar_ros_version/build/lidar_detection': CMAKE_PREFIX_PATH=${CMAKE_PREFIX_PATH}:/opt/ros/foxy /usr/bin/cmake --install /home/wudi/learn_tensorrt/pointpillar_ros_version/build/lidar_detection
[4.312s] Level 1:colcon.colcon_core.environment:create_environment_scripts_only(lidar_detection)
[4.313s] DEBUG:colcon.colcon_core.event_handler.log_command:Invoked command in '/home/wudi/learn_tensorrt/pointpillar_ros_version/build/lidar_detection' returned '0': CMAKE_PREFIX_PATH=${CMAKE_PREFIX_PATH}:/opt/ros/foxy /usr/bin/cmake --install /home/wudi/learn_tensorrt/pointpillar_ros_version/build/lidar_detection
[4.314s] Level 1:colcon.colcon_core.environment:checking '/home/wudi/learn_tensorrt/pointpillar_ros_version/install/lidar_detection' for CMake module files
[4.315s] Level 1:colcon.colcon_core.environment:checking '/home/wudi/learn_tensorrt/pointpillar_ros_version/install/lidar_detection' for CMake config files
[4.315s] Level 1:colcon.colcon_core.shell:create_environment_hook('lidar_detection', 'cmake_prefix_path')
[4.315s] INFO:colcon.colcon_core.shell:Creating environment hook '/home/wudi/learn_tensorrt/pointpillar_ros_version/install/lidar_detection/share/lidar_detection/hook/cmake_prefix_path.ps1'
[4.315s] INFO:colcon.colcon_core.shell:Creating environment descriptor '/home/wudi/learn_tensorrt/pointpillar_ros_version/install/lidar_detection/share/lidar_detection/hook/cmake_prefix_path.dsv'
[4.316s] INFO:colcon.colcon_core.shell:Creating environment hook '/home/wudi/learn_tensorrt/pointpillar_ros_version/install/lidar_detection/share/lidar_detection/hook/cmake_prefix_path.sh'
[4.316s] Level 1:colcon.colcon_core.environment:checking '/home/wudi/learn_tensorrt/pointpillar_ros_version/install/lidar_detection/lib'
[4.316s] Level 1:colcon.colcon_core.environment:checking '/home/wudi/learn_tensorrt/pointpillar_ros_version/install/lidar_detection/bin'
[4.316s] Level 1:colcon.colcon_core.environment:checking '/home/wudi/learn_tensorrt/pointpillar_ros_version/install/lidar_detection/lib/pkgconfig/lidar_detection.pc'
[4.317s] Level 1:colcon.colcon_core.environment:checking '/home/wudi/learn_tensorrt/pointpillar_ros_version/install/lidar_detection/lib/python3.8/site-packages'
[4.317s] Level 1:colcon.colcon_core.environment:checking '/home/wudi/learn_tensorrt/pointpillar_ros_version/install/lidar_detection/bin'
[4.317s] INFO:colcon.colcon_core.shell:Creating package script '/home/wudi/learn_tensorrt/pointpillar_ros_version/install/lidar_detection/share/lidar_detection/package.ps1'
[4.317s] INFO:colcon.colcon_core.shell:Creating package descriptor '/home/wudi/learn_tensorrt/pointpillar_ros_version/install/lidar_detection/share/lidar_detection/package.dsv'
[4.318s] INFO:colcon.colcon_core.shell:Creating package script '/home/wudi/learn_tensorrt/pointpillar_ros_version/install/lidar_detection/share/lidar_detection/package.sh'
[4.318s] INFO:colcon.colcon_core.shell:Creating package script '/home/wudi/learn_tensorrt/pointpillar_ros_version/install/lidar_detection/share/lidar_detection/package.bash'
[4.318s] INFO:colcon.colcon_core.shell:Creating package script '/home/wudi/learn_tensorrt/pointpillar_ros_version/install/lidar_detection/share/lidar_detection/package.zsh'
[4.319s] Level 1:colcon.colcon_core.environment:create_file_with_runtime_dependencies(/home/wudi/learn_tensorrt/pointpillar_ros_version/install/lidar_detection/share/colcon-core/packages/lidar_detection)
[4.319s] Level 1:colcon.colcon_core.environment:create_environment_scripts_only(lidar_detection)
[4.319s] Level 1:colcon.colcon_core.environment:checking '/home/wudi/learn_tensorrt/pointpillar_ros_version/install/lidar_detection' for CMake module files
[4.320s] Level 1:colcon.colcon_core.environment:checking '/home/wudi/learn_tensorrt/pointpillar_ros_version/install/lidar_detection' for CMake config files
[4.320s] Level 1:colcon.colcon_core.shell:create_environment_hook('lidar_detection', 'cmake_prefix_path')
[4.320s] INFO:colcon.colcon_core.shell:Creating environment hook '/home/wudi/learn_tensorrt/pointpillar_ros_version/install/lidar_detection/share/lidar_detection/hook/cmake_prefix_path.ps1'
[4.320s] INFO:colcon.colcon_core.shell:Creating environment descriptor '/home/wudi/learn_tensorrt/pointpillar_ros_version/install/lidar_detection/share/lidar_detection/hook/cmake_prefix_path.dsv'
[4.320s] INFO:colcon.colcon_core.shell:Creating environment hook '/home/wudi/learn_tensorrt/pointpillar_ros_version/install/lidar_detection/share/lidar_detection/hook/cmake_prefix_path.sh'
[4.320s] Level 1:colcon.colcon_core.environment:checking '/home/wudi/learn_tensorrt/pointpillar_ros_version/install/lidar_detection/lib'
[4.321s] Level 1:colcon.colcon_core.environment:checking '/home/wudi/learn_tensorrt/pointpillar_ros_version/install/lidar_detection/bin'
[4.321s] Level 1:colcon.colcon_core.environment:checking '/home/wudi/learn_tensorrt/pointpillar_ros_version/install/lidar_detection/lib/pkgconfig/lidar_detection.pc'
[4.321s] Level 1:colcon.colcon_core.environment:checking '/home/wudi/learn_tensorrt/pointpillar_ros_version/install/lidar_detection/lib/python3.8/site-packages'
[4.321s] Level 1:colcon.colcon_core.environment:checking '/home/wudi/learn_tensorrt/pointpillar_ros_version/install/lidar_detection/bin'
[4.321s] INFO:colcon.colcon_core.shell:Creating package script '/home/wudi/learn_tensorrt/pointpillar_ros_version/install/lidar_detection/share/lidar_detection/package.ps1'
[4.322s] INFO:colcon.colcon_core.shell:Creating package descriptor '/home/wudi/learn_tensorrt/pointpillar_ros_version/install/lidar_detection/share/lidar_detection/package.dsv'
[4.322s] INFO:colcon.colcon_core.shell:Creating package script '/home/wudi/learn_tensorrt/pointpillar_ros_version/install/lidar_detection/share/lidar_detection/package.sh'
[4.322s] INFO:colcon.colcon_core.shell:Creating package script '/home/wudi/learn_tensorrt/pointpillar_ros_version/install/lidar_detection/share/lidar_detection/package.bash'
[4.323s] INFO:colcon.colcon_core.shell:Creating package script '/home/wudi/learn_tensorrt/pointpillar_ros_version/install/lidar_detection/share/lidar_detection/package.zsh'
[4.323s] Level 1:colcon.colcon_core.environment:create_file_with_runtime_dependencies(/home/wudi/learn_tensorrt/pointpillar_ros_version/install/lidar_detection/share/colcon-core/packages/lidar_detection)
[4.323s] DEBUG:colcon.colcon_parallel_executor.executor.parallel:closing loop
[4.323s] DEBUG:colcon.colcon_parallel_executor.executor.parallel:loop closed
[4.323s] DEBUG:colcon.colcon_parallel_executor.executor.parallel:run_until_complete finished with '0'
[4.323s] DEBUG:colcon.colcon_core.event_reactor:joining thread
[4.327s] INFO:colcon.colcon_core.plugin_system:Skipping extension 'colcon_notification.desktop_notification.terminal_notifier': Not used on non-Darwin systems
[4.327s] INFO:colcon.colcon_core.plugin_system:Skipping extension 'colcon_notification.desktop_notification.win32': Not used on non-Windows systems
[4.327s] INFO:colcon.colcon_notification.desktop_notification:Sending desktop notification using 'notify2'
[4.336s] DEBUG:colcon.colcon_core.event_reactor:joined thread
[4.337s] INFO:colcon.colcon_core.shell:Creating prefix script '/home/wudi/learn_tensorrt/pointpillar_ros_version/install/local_setup.ps1'
[4.337s] INFO:colcon.colcon_core.shell:Creating prefix util module '/home/wudi/learn_tensorrt/pointpillar_ros_version/install/_local_setup_util_ps1.py'
[4.338s] INFO:colcon.colcon_core.shell:Creating prefix chain script '/home/wudi/learn_tensorrt/pointpillar_ros_version/install/setup.ps1'
[4.339s] INFO:colcon.colcon_core.shell:Creating prefix script '/home/wudi/learn_tensorrt/pointpillar_ros_version/install/local_setup.sh'
[4.339s] INFO:colcon.colcon_core.shell:Creating prefix util module '/home/wudi/learn_tensorrt/pointpillar_ros_version/install/_local_setup_util_sh.py'
[4.340s] INFO:colcon.colcon_core.shell:Creating prefix chain script '/home/wudi/learn_tensorrt/pointpillar_ros_version/install/setup.sh'
[4.340s] INFO:colcon.colcon_core.shell:Creating prefix script '/home/wudi/learn_tensorrt/pointpillar_ros_version/install/local_setup.bash'
[4.341s] INFO:colcon.colcon_core.shell:Creating prefix chain script '/home/wudi/learn_tensorrt/pointpillar_ros_version/install/setup.bash'
[4.341s] INFO:colcon.colcon_core.shell:Creating prefix script '/home/wudi/learn_tensorrt/pointpillar_ros_version/install/local_setup.zsh'
[4.341s] INFO:colcon.colcon_core.shell:Creating prefix chain script '/home/wudi/learn_tensorrt/pointpillar_ros_version/install/setup.zsh'
