[0.119s] DEBUG:colcon:Command line arguments: ['/usr/bin/colcon', 'build']
[0.119s] DEBUG:colcon:Parsed command line arguments: Namespace(allow_overriding=[], ament_cmake_args=None, base_paths=['.'], build_base='build', catkin_cmake_args=None, catkin_skip_building_tests=False, cmake_args=None, cmake_clean_cache=False, cmake_clean_first=False, cmake_force_configure=False, cmake_target=None, cmake_target_skip_unavailable=False, continue_on_error=False, event_handlers=None, executor='parallel', ignore_user_meta=False, install_base='install', log_base=None, log_level=None, main=<bound method BuildVerb.main of <colcon_core.verb.build.BuildVerb object at 0x7f15d6ef06d0>>, merge_install=False, metas=['./colcon.meta'], packages_above=None, packages_above_and_dependencies=None, packages_above_depth=None, packages_end=None, packages_ignore=None, packages_ignore_regex=None, packages_select=None, packages_select_build_failed=False, packages_select_by_dep=None, packages_select_regex=None, packages_select_test_failures=False, packages_skip=None, packages_skip_build_finished=False, packages_skip_by_dep=None, packages_skip_regex=None, packages_skip_test_passed=False, packages_skip_up_to=None, packages_start=None, packages_up_to=None, packages_up_to_regex=None, parallel_workers=12, paths=None, symlink_install=False, test_result_base=None, verb_extension=<colcon_core.verb.build.BuildVerb object at 0x7f15d6ef06d0>, verb_name='build', verb_parser=<colcon_defaults.argument_parser.defaults.DefaultArgumentsDecorator object at 0x7f15d6ef0bb0>)
[0.212s] Level 1:colcon.colcon_core.package_discovery:discover_packages(colcon_meta) check parameters
[0.212s] Level 1:colcon.colcon_core.package_discovery:discover_packages(recursive) check parameters
[0.212s] Level 1:colcon.colcon_core.package_discovery:discover_packages(ignore) check parameters
[0.212s] Level 1:colcon.colcon_core.package_discovery:discover_packages(path) check parameters
[0.212s] Level 1:colcon.colcon_core.package_discovery:discover_packages(colcon_meta) discover
[0.212s] Level 1:colcon.colcon_core.package_discovery:discover_packages(recursive) discover
[0.212s] INFO:colcon.colcon_core.package_discovery:Crawling recursively for packages in '/home/wudi/learn_tensorrt/pointpillar_ros_version'
[0.212s] Level 1:colcon.colcon_core.package_identification:_identify(.) by extensions ['ignore', 'ignore_ament_install']
[0.212s] Level 1:colcon.colcon_core.package_identification:_identify(.) by extension 'ignore'
[0.212s] Level 1:colcon.colcon_core.package_identification:_identify(.) by extension 'ignore_ament_install'
[0.212s] Level 1:colcon.colcon_core.package_identification:_identify(.) by extensions ['colcon_pkg']
[0.212s] Level 1:colcon.colcon_core.package_identification:_identify(.) by extension 'colcon_pkg'
[0.212s] Level 1:colcon.colcon_core.package_identification:_identify(.) by extensions ['colcon_meta']
[0.212s] Level 1:colcon.colcon_core.package_identification:_identify(.) by extension 'colcon_meta'
[0.212s] Level 1:colcon.colcon_core.package_identification:_identify(.) by extensions ['ros']
[0.212s] Level 1:colcon.colcon_core.package_identification:_identify(.) by extension 'ros'
[0.221s] DEBUG:colcon.colcon_core.package_identification:Package '.' with type 'ros.ament_cmake' and name 'lidar_detection'
[0.221s] Level 1:colcon.colcon_core.package_discovery:discover_packages(recursive) using defaults
[0.221s] Level 1:colcon.colcon_core.package_discovery:discover_packages(ignore) discover
[0.221s] Level 1:colcon.colcon_core.package_discovery:discover_packages(ignore) using defaults
[0.221s] Level 1:colcon.colcon_core.package_discovery:discover_packages(path) discover
[0.221s] Level 1:colcon.colcon_core.package_discovery:discover_packages(path) using defaults
[0.231s] Level 1:colcon.colcon_core.package_discovery:discover_packages(prefix_path) check parameters
[0.231s] Level 1:colcon.colcon_core.package_discovery:discover_packages(prefix_path) discover
[0.232s] WARNING:colcon.colcon_ros.prefix_path.ament:The path '/home/wudi/learn_tensorrt/pointpillar_ros_version/install/lidar_detection' in the environment variable AMENT_PREFIX_PATH doesn't exist
[0.232s] WARNING:colcon.colcon_ros.prefix_path.catkin:The path '/home/wudi/learn_tensorrt/pointpillar_ros_version/install/lidar_detection' in the environment variable CMAKE_PREFIX_PATH doesn't exist
[0.233s] DEBUG:colcon.colcon_installed_package_information.package_discovery:Found 0 installed packages in /home/wudi/learn_tensorrt/pointpillar_ros_version/install
[0.233s] DEBUG:colcon.colcon_installed_package_information.package_discovery:Found 257 installed packages in /opt/ros/foxy
[0.235s] Level 1:colcon.colcon_core.package_discovery:discover_packages(prefix_path) using defaults
[0.276s] Level 5:colcon.colcon_core.verb:set package 'lidar_detection' build argument 'cmake_args' from command line to 'None'
[0.276s] Level 5:colcon.colcon_core.verb:set package 'lidar_detection' build argument 'cmake_target' from command line to 'None'
[0.276s] Level 5:colcon.colcon_core.verb:set package 'lidar_detection' build argument 'cmake_target_skip_unavailable' from command line to 'False'
[0.276s] Level 5:colcon.colcon_core.verb:set package 'lidar_detection' build argument 'cmake_clean_cache' from command line to 'False'
[0.276s] Level 5:colcon.colcon_core.verb:set package 'lidar_detection' build argument 'cmake_clean_first' from command line to 'False'
[0.276s] Level 5:colcon.colcon_core.verb:set package 'lidar_detection' build argument 'cmake_force_configure' from command line to 'False'
[0.276s] Level 5:colcon.colcon_core.verb:set package 'lidar_detection' build argument 'ament_cmake_args' from command line to 'None'
[0.276s] Level 5:colcon.colcon_core.verb:set package 'lidar_detection' build argument 'catkin_cmake_args' from command line to 'None'
[0.276s] Level 5:colcon.colcon_core.verb:set package 'lidar_detection' build argument 'catkin_skip_building_tests' from command line to 'False'
[0.276s] DEBUG:colcon.colcon_core.verb:Building package 'lidar_detection' with the following arguments: {'ament_cmake_args': None, 'build_base': '/home/wudi/learn_tensorrt/pointpillar_ros_version/build/lidar_detection', 'catkin_cmake_args': None, 'catkin_skip_building_tests': False, 'cmake_args': None, 'cmake_clean_cache': False, 'cmake_clean_first': False, 'cmake_force_configure': False, 'cmake_target': None, 'cmake_target_skip_unavailable': False, 'install_base': '/home/wudi/learn_tensorrt/pointpillar_ros_version/install/lidar_detection', 'merge_install': False, 'path': '/home/wudi/learn_tensorrt/pointpillar_ros_version', 'symlink_install': False, 'test_result_base': None}
[0.277s] INFO:colcon.colcon_core.executor:Executing jobs using 'parallel' executor
[0.277s] DEBUG:colcon.colcon_parallel_executor.executor.parallel:run_until_complete
[0.277s] INFO:colcon.colcon_ros.task.ament_cmake.build:Building ROS package in '/home/wudi/learn_tensorrt/pointpillar_ros_version' with build type 'ament_cmake'
[0.278s] INFO:colcon.colcon_cmake.task.cmake.build:Building CMake package in '/home/wudi/learn_tensorrt/pointpillar_ros_version'
[0.279s] INFO:colcon.colcon_core.plugin_system:Skipping extension 'colcon_core.shell.bat': Not used on non-Windows systems
[0.279s] INFO:colcon.colcon_core.shell:Skip shell extension 'powershell' for command environment: Not usable outside of PowerShell
[0.279s] DEBUG:colcon.colcon_core.shell:Skip shell extension 'dsv' for command environment
[0.286s] DEBUG:colcon.colcon_core.event_handler.log_command:Invoking command in '/home/wudi/learn_tensorrt/pointpillar_ros_version/build/lidar_detection': CMAKE_PREFIX_PATH=${CMAKE_PREFIX_PATH}:/opt/ros/foxy /usr/bin/cmake /home/wudi/learn_tensorrt/pointpillar_ros_version -DCMAKE_INSTALL_PREFIX=/home/wudi/learn_tensorrt/pointpillar_ros_version/install/lidar_detection
[2.403s] DEBUG:colcon.colcon_core.event_handler.log_command:Invoked command in '/home/wudi/learn_tensorrt/pointpillar_ros_version/build/lidar_detection' returned '0': CMAKE_PREFIX_PATH=${CMAKE_PREFIX_PATH}:/opt/ros/foxy /usr/bin/cmake /home/wudi/learn_tensorrt/pointpillar_ros_version -DCMAKE_INSTALL_PREFIX=/home/wudi/learn_tensorrt/pointpillar_ros_version/install/lidar_detection
[2.406s] DEBUG:colcon.colcon_core.event_handler.log_command:Invoking command in '/home/wudi/learn_tensorrt/pointpillar_ros_version/build/lidar_detection': CMAKE_PREFIX_PATH=${CMAKE_PREFIX_PATH}:/opt/ros/foxy /usr/bin/cmake --build /home/wudi/learn_tensorrt/pointpillar_ros_version/build/lidar_detection -- -j12 -l12
[6.463s] DEBUG:colcon.colcon_core.event_handler.log_command:Invoked command in '/home/wudi/learn_tensorrt/pointpillar_ros_version/build/lidar_detection' returned '0': CMAKE_PREFIX_PATH=${CMAKE_PREFIX_PATH}:/opt/ros/foxy /usr/bin/cmake --build /home/wudi/learn_tensorrt/pointpillar_ros_version/build/lidar_detection -- -j12 -l12
[6.473s] DEBUG:colcon.colcon_core.event_handler.log_command:Invoking command in '/home/wudi/learn_tensorrt/pointpillar_ros_version/build/lidar_detection': CMAKE_PREFIX_PATH=${CMAKE_PREFIX_PATH}:/opt/ros/foxy /usr/bin/cmake --install /home/wudi/learn_tensorrt/pointpillar_ros_version/build/lidar_detection
[6.484s] Level 1:colcon.colcon_core.environment:create_environment_scripts_only(lidar_detection)
[6.485s] DEBUG:colcon.colcon_core.event_handler.log_command:Invoked command in '/home/wudi/learn_tensorrt/pointpillar_ros_version/build/lidar_detection' returned '0': CMAKE_PREFIX_PATH=${CMAKE_PREFIX_PATH}:/opt/ros/foxy /usr/bin/cmake --install /home/wudi/learn_tensorrt/pointpillar_ros_version/build/lidar_detection
[6.488s] Level 1:colcon.colcon_core.environment:checking '/home/wudi/learn_tensorrt/pointpillar_ros_version/install/lidar_detection' for CMake module files
[6.489s] Level 1:colcon.colcon_core.environment:checking '/home/wudi/learn_tensorrt/pointpillar_ros_version/install/lidar_detection' for CMake config files
[6.489s] Level 1:colcon.colcon_core.shell:create_environment_hook('lidar_detection', 'cmake_prefix_path')
[6.489s] INFO:colcon.colcon_core.shell:Creating environment hook '/home/wudi/learn_tensorrt/pointpillar_ros_version/install/lidar_detection/share/lidar_detection/hook/cmake_prefix_path.ps1'
[6.489s] INFO:colcon.colcon_core.shell:Creating environment descriptor '/home/wudi/learn_tensorrt/pointpillar_ros_version/install/lidar_detection/share/lidar_detection/hook/cmake_prefix_path.dsv'
[6.490s] INFO:colcon.colcon_core.shell:Creating environment hook '/home/wudi/learn_tensorrt/pointpillar_ros_version/install/lidar_detection/share/lidar_detection/hook/cmake_prefix_path.sh'
[6.490s] Level 1:colcon.colcon_core.environment:checking '/home/wudi/learn_tensorrt/pointpillar_ros_version/install/lidar_detection/lib'
[6.491s] Level 1:colcon.colcon_core.environment:checking '/home/wudi/learn_tensorrt/pointpillar_ros_version/install/lidar_detection/bin'
[6.491s] Level 1:colcon.colcon_core.environment:checking '/home/wudi/learn_tensorrt/pointpillar_ros_version/install/lidar_detection/lib/pkgconfig/lidar_detection.pc'
[6.491s] Level 1:colcon.colcon_core.environment:checking '/home/wudi/learn_tensorrt/pointpillar_ros_version/install/lidar_detection/lib/python3.8/site-packages'
[6.491s] Level 1:colcon.colcon_core.environment:checking '/home/wudi/learn_tensorrt/pointpillar_ros_version/install/lidar_detection/bin'
[6.492s] INFO:colcon.colcon_core.shell:Creating package script '/home/wudi/learn_tensorrt/pointpillar_ros_version/install/lidar_detection/share/lidar_detection/package.ps1'
[6.493s] INFO:colcon.colcon_core.shell:Creating package descriptor '/home/wudi/learn_tensorrt/pointpillar_ros_version/install/lidar_detection/share/lidar_detection/package.dsv'
[6.493s] INFO:colcon.colcon_core.shell:Creating package script '/home/wudi/learn_tensorrt/pointpillar_ros_version/install/lidar_detection/share/lidar_detection/package.sh'
[6.494s] INFO:colcon.colcon_core.shell:Creating package script '/home/wudi/learn_tensorrt/pointpillar_ros_version/install/lidar_detection/share/lidar_detection/package.bash'
[6.495s] INFO:colcon.colcon_core.shell:Creating package script '/home/wudi/learn_tensorrt/pointpillar_ros_version/install/lidar_detection/share/lidar_detection/package.zsh'
[6.495s] Level 1:colcon.colcon_core.environment:create_file_with_runtime_dependencies(/home/wudi/learn_tensorrt/pointpillar_ros_version/install/lidar_detection/share/colcon-core/packages/lidar_detection)
[6.496s] Level 1:colcon.colcon_core.environment:create_environment_scripts_only(lidar_detection)
[6.496s] Level 1:colcon.colcon_core.environment:checking '/home/wudi/learn_tensorrt/pointpillar_ros_version/install/lidar_detection' for CMake module files
[6.497s] Level 1:colcon.colcon_core.environment:checking '/home/wudi/learn_tensorrt/pointpillar_ros_version/install/lidar_detection' for CMake config files
[6.497s] Level 1:colcon.colcon_core.shell:create_environment_hook('lidar_detection', 'cmake_prefix_path')
[6.497s] INFO:colcon.colcon_core.shell:Creating environment hook '/home/wudi/learn_tensorrt/pointpillar_ros_version/install/lidar_detection/share/lidar_detection/hook/cmake_prefix_path.ps1'
[6.498s] INFO:colcon.colcon_core.shell:Creating environment descriptor '/home/wudi/learn_tensorrt/pointpillar_ros_version/install/lidar_detection/share/lidar_detection/hook/cmake_prefix_path.dsv'
[6.498s] INFO:colcon.colcon_core.shell:Creating environment hook '/home/wudi/learn_tensorrt/pointpillar_ros_version/install/lidar_detection/share/lidar_detection/hook/cmake_prefix_path.sh'
[6.499s] Level 1:colcon.colcon_core.environment:checking '/home/wudi/learn_tensorrt/pointpillar_ros_version/install/lidar_detection/lib'
[6.499s] Level 1:colcon.colcon_core.environment:checking '/home/wudi/learn_tensorrt/pointpillar_ros_version/install/lidar_detection/bin'
[6.499s] Level 1:colcon.colcon_core.environment:checking '/home/wudi/learn_tensorrt/pointpillar_ros_version/install/lidar_detection/lib/pkgconfig/lidar_detection.pc'
[6.499s] Level 1:colcon.colcon_core.environment:checking '/home/wudi/learn_tensorrt/pointpillar_ros_version/install/lidar_detection/lib/python3.8/site-packages'
[6.499s] Level 1:colcon.colcon_core.environment:checking '/home/wudi/learn_tensorrt/pointpillar_ros_version/install/lidar_detection/bin'
[6.500s] INFO:colcon.colcon_core.shell:Creating package script '/home/wudi/learn_tensorrt/pointpillar_ros_version/install/lidar_detection/share/lidar_detection/package.ps1'
[6.500s] INFO:colcon.colcon_core.shell:Creating package descriptor '/home/wudi/learn_tensorrt/pointpillar_ros_version/install/lidar_detection/share/lidar_detection/package.dsv'
[6.501s] INFO:colcon.colcon_core.shell:Creating package script '/home/wudi/learn_tensorrt/pointpillar_ros_version/install/lidar_detection/share/lidar_detection/package.sh'
[6.501s] INFO:colcon.colcon_core.shell:Creating package script '/home/wudi/learn_tensorrt/pointpillar_ros_version/install/lidar_detection/share/lidar_detection/package.bash'
[6.501s] INFO:colcon.colcon_core.shell:Creating package script '/home/wudi/learn_tensorrt/pointpillar_ros_version/install/lidar_detection/share/lidar_detection/package.zsh'
[6.502s] Level 1:colcon.colcon_core.environment:create_file_with_runtime_dependencies(/home/wudi/learn_tensorrt/pointpillar_ros_version/install/lidar_detection/share/colcon-core/packages/lidar_detection)
[6.502s] DEBUG:colcon.colcon_parallel_executor.executor.parallel:closing loop
[6.502s] DEBUG:colcon.colcon_parallel_executor.executor.parallel:loop closed
[6.503s] DEBUG:colcon.colcon_parallel_executor.executor.parallel:run_until_complete finished with '0'
[6.503s] DEBUG:colcon.colcon_core.event_reactor:joining thread
[6.506s] INFO:colcon.colcon_core.plugin_system:Skipping extension 'colcon_notification.desktop_notification.terminal_notifier': Not used on non-Darwin systems
[6.506s] INFO:colcon.colcon_core.plugin_system:Skipping extension 'colcon_notification.desktop_notification.win32': Not used on non-Windows systems
[6.506s] INFO:colcon.colcon_notification.desktop_notification:Sending desktop notification using 'notify2'
[6.520s] DEBUG:colcon.colcon_core.event_reactor:joined thread
[6.520s] INFO:colcon.colcon_core.shell:Creating prefix script '/home/wudi/learn_tensorrt/pointpillar_ros_version/install/local_setup.ps1'
[6.521s] INFO:colcon.colcon_core.shell:Creating prefix util module '/home/wudi/learn_tensorrt/pointpillar_ros_version/install/_local_setup_util_ps1.py'
[6.522s] INFO:colcon.colcon_core.shell:Creating prefix chain script '/home/wudi/learn_tensorrt/pointpillar_ros_version/install/setup.ps1'
[6.523s] INFO:colcon.colcon_core.shell:Creating prefix script '/home/wudi/learn_tensorrt/pointpillar_ros_version/install/local_setup.sh'
[6.523s] INFO:colcon.colcon_core.shell:Creating prefix util module '/home/wudi/learn_tensorrt/pointpillar_ros_version/install/_local_setup_util_sh.py'
[6.524s] INFO:colcon.colcon_core.shell:Creating prefix chain script '/home/wudi/learn_tensorrt/pointpillar_ros_version/install/setup.sh'
[6.524s] INFO:colcon.colcon_core.shell:Creating prefix script '/home/wudi/learn_tensorrt/pointpillar_ros_version/install/local_setup.bash'
[6.525s] INFO:colcon.colcon_core.shell:Creating prefix chain script '/home/wudi/learn_tensorrt/pointpillar_ros_version/install/setup.bash'
[6.525s] INFO:colcon.colcon_core.shell:Creating prefix script '/home/wudi/learn_tensorrt/pointpillar_ros_version/install/local_setup.zsh'
[6.526s] INFO:colcon.colcon_core.shell:Creating prefix chain script '/home/wudi/learn_tensorrt/pointpillar_ros_version/install/setup.zsh'
